<?xml version="1.0" encoding="UTF-8"?>
<!-- Generated by org.testng.reporters.JUnitReportReporter -->
<testsuite skipped="0" hostname="DESKTOP-5GI3OCP" name="com.tests.LoginPageTest" tests="5" failures="0" timestamp="28 Feb 2022 21:38:33 GMT" time="56.682" errors="0">
  <testcase name="verifyLoginPageTitle" time="9.962" classname="com.tests.LoginPageTest"/>
  <testcase name="VerifyReturnLinkTest" time="12.234" classname="com.tests.LoginPageTest"/>
  <testcase name="VerifyHomeDropdownListTest" time="11.388" classname="com.tests.LoginPageTest"/>
  <testcase name="searchBoxItemTest" time="11.450" classname="com.tests.LoginPageTest"/>
  <testcase name="doLoginTest" time="11.648" classname="com.tests.LoginPageTest"/>
</testsuite> <!-- com.tests.LoginPageTest -->
