<?xml version="1.0" encoding="UTF-8"?>
<!-- Generated by org.testng.reporters.JUnitReportReporter -->
<testsuite skipped="0" hostname="DESKTOP-5GI3OCP" name="com.tests.HomePageTest" tests="2" failures="0" timestamp="28 Feb 2022 21:38:33 GMT" time="22.963" errors="0">
  <testcase name="verifyHomePageTitleTest" time="11.406" classname="com.tests.HomePageTest"/>
  <testcase name="verifyMyaccountLinkTest" time="11.557" classname="com.tests.HomePageTest"/>
</testsuite> <!-- com.tests.HomePageTest -->
